<?xml version="1.0" encoding="UTF-8"?>
<testng-results ignored="0" total="2" passed="2" failed="0" skipped="0">
  <reporter-output>
  </reporter-output>
  <suite started-at="2024-08-13T00:46:37 EDT" name="Default suite" finished-at="2024-08-13T00:46:48 EDT" duration-ms="10740">
    <groups>
    </groups>
    <test started-at="2024-08-13T00:46:37 EDT" name="Default test" finished-at="2024-08-13T00:46:48 EDT" duration-ms="10740">
      <class name="excelUtilies.ExcelFrameWork1">
        <test-method is-config="true" signature="setUp()[pri:0, instance:excelUtilies.ExcelFrameWork1@3270d194]" started-at="2024-08-13T00:46:37 EDT" name="setUp" finished-at="2024-08-13T00:46:43 EDT" duration-ms="5211" status="PASS">
          <reporter-output>
          </reporter-output>
        </test-method> <!-- setUp -->
        <test-method signature="test1(java.lang.String,java.lang.String)[pri:0, instance:excelUtilies.ExcelFrameWork1@3270d194]" started-at="2024-08-13T00:46:44 EDT" name="test1" data-provider="test1data" finished-at="2024-08-13T00:46:46 EDT" duration-ms="2309" status="PASS">
          <params>
            <param index="0">
              <value>
                <![CDATA[Raya]]>
              </value>
            </param>
            <param index="1">
              <value>
                <![CDATA[2222Raya]]>
              </value>
            </param>
          </params>
          <reporter-output>
          </reporter-output>
        </test-method> <!-- test1 -->
        <test-method signature="test1(java.lang.String,java.lang.String)[pri:0, instance:excelUtilies.ExcelFrameWork1@3270d194]" started-at="2024-08-13T00:46:46 EDT" name="test1" data-provider="test1data" finished-at="2024-08-13T00:46:48 EDT" duration-ms="2174" status="PASS">
          <params>
            <param index="0">
              <value>
                <![CDATA[Retu]]>
              </value>
            </param>
            <param index="1">
              <value>
                <![CDATA[12345Retu]]>
              </value>
            </param>
          </params>
          <reporter-output>
          </reporter-output>
        </test-method> <!-- test1 -->
      </class> <!-- excelUtilies.ExcelFrameWork1 -->
    </test> <!-- Default test -->
  </suite> <!-- Default suite -->
</testng-results>
